\BOOKMARK [1][-]{section.1}{\376\377\225\356\230\230\200\314\146\157\116\016\221\315\217\360}{}% 1
\BOOKMARK [2][-]{subsection.1.1}{\376\377\225\356\230\230\200\314\146\157}{section.1}% 2
\BOOKMARK [2][-]{subsection.1.2}{\376\377\225\356\230\230\210\150\217\360}{section.1}% 3
\BOOKMARK [1][-]{section.2}{\376\377\225\356\230\230\122\006\147\220}{}% 4
\BOOKMARK [2][-]{subsection.2.1}{\376\377\225\356\230\230\116\000\122\006\147\220}{section.2}% 5
\BOOKMARK [2][-]{subsection.2.2}{\376\377\225\356\230\230\116\214\122\006\147\220}{section.2}% 6
\BOOKMARK [2][-]{subsection.2.3}{\376\377\225\356\230\230\116\011\122\006\147\220}{section.2}% 7
\BOOKMARK [1][-]{section.3}{\376\377\152\041\127\213\120\107\213\276}{}% 8
\BOOKMARK [1][-]{section.4}{\376\377\173\046\123\367\213\364\146\016}{}% 9
\BOOKMARK [1][-]{section.5}{\376\377\152\041\127\213\136\372\172\313\116\016\154\102\211\343}{}% 10
\BOOKMARK [2][-]{subsection.5.1}{\376\377\225\356\230\230\116\000\152\041\127\213\166\204\136\372\172\313\116\016\154\102\211\343}{section.5}% 11
\BOOKMARK [3][-]{subsubsection.5.1.1}{\376\377\225\356\230\230\116\000\152\041\127\213\166\204\136\372\172\313}{subsection.5.1}% 12
\BOOKMARK [3][-]{subsubsection.5.1.2}{\376\377\173\033\123\141\134\024\127\120\150\007\174\373\166\204\136\372\172\313}{subsection.5.1}% 13
\BOOKMARK [3][-]{subsubsection.5.1.3}{\376\377\217\150\220\123\122\250\122\233\133\146\152\041\127\213\166\204\136\372\172\313}{subsection.5.1}% 14
\BOOKMARK [3][-]{subsubsection.5.1.4}{\376\377\116\073\121\317\220\037\226\066\153\265\166\204\122\250\122\233\133\146\152\041\127\213}{subsection.5.1}% 15
\BOOKMARK [3][-]{subsubsection.5.1.5}{\376\377\116\073\121\317\220\037\226\066\153\265\166\204\117\030\123\026}{subsection.5.1}% 16
\BOOKMARK [3][-]{subsubsection.5.1.6}{\376\377\167\100\226\106\121\306\131\007\217\150\220\123\166\204\213\241\173\227\176\323\147\234}{subsection.5.1}% 17
\BOOKMARK [3][-]{subsubsection.5.1.7}{\376\377\225\356\230\230\166\204\176\323\213\272}{subsection.5.1}% 18
\BOOKMARK [2][-]{subsection.5.2}{\376\377\225\356\230\230\116\214\152\041\127\213\166\204\136\372\172\313\116\016\154\102\211\343}{section.5}% 19
\BOOKMARK [3][-]{subsubsection.5.2.1}{\376\377\152\041\127\213\136\372\172\313\116\016\154\102\211\343}{subsection.5.2}% 20
\BOOKMARK [3][-]{subsubsection.5.2.2}{\376\377\167\100\226\106\152\041\127\213\136\372\172\313}{subsection.5.2}% 21
\BOOKMARK [3][-]{subsubsection.5.2.3}{\376\377\137\353\220\037\214\003\145\164\226\066\153\265}{subsection.5.2}% 22
\BOOKMARK [3][-]{subsubsection.5.2.4}{\376\377\126\376\162\107\230\204\131\004\164\006}{subsection.5.2}% 23
\BOOKMARK [3][-]{subsubsection.5.2.5}{\376\377\226\115\204\075\160\271\220\011\142\351\152\041\127\213}{subsection.5.2}% 24
\BOOKMARK [3][-]{subsubsection.5.2.6}{\376\377\174\227\220\177\226\234\226\066\153\265}{subsection.5.2}% 25
\BOOKMARK [3][-]{subsubsection.5.2.7}{\376\377\174\276\220\177\226\234\226\066\153\265}{subsection.5.2}% 26
\BOOKMARK [3][-]{subsubsection.5.2.8}{\376\377\177\023\141\142\116\013\226\115\116\016\201\352\165\061\204\075\117\123\226\066\153\265}{subsection.5.2}% 27
\BOOKMARK [3][-]{subsubsection.5.2.9}{\376\377\225\356\230\230\166\204\176\323\213\272}{subsection.5.2}% 28
\BOOKMARK [2][-]{subsection.5.3}{\376\377\225\356\230\230\116\011\152\041\127\213\166\204\136\372\172\313\116\016\154\102\211\343}{section.5}% 29
\BOOKMARK [3][-]{subsubsection.5.3.1}{\376\377\152\041\127\213\154\102\211\343}{subsection.5.3}% 30
\BOOKMARK [3][-]{subsubsection.5.3.2}{\376\377\213\357\135\356\122\006\147\220\133\374\213\272}{subsection.5.3}% 31
\BOOKMARK [3][-]{subsubsection.5.3.3}{\376\377\127\060\164\003\221\315\122\233\127\072\116\016\127\372\116\216\210\114\146\037\123\206\210\150\166\204\121\166\116\326\146\037\117\123\137\025\122\233\127\072}{subsection.5.3}% 32
\BOOKMARK [3][-]{subsubsection.5.3.4}{\376\377\131\052\226\063\121\111\123\213\116\016\131\047\154\024\152\041\127\213}{subsection.5.3}% 33
\BOOKMARK [3][-]{subsubsection.5.3.5}{\376\377\215\050\221\317\166\044\137\161\124\315}{subsection.5.3}% 34
\BOOKMARK [3][-]{subsubsection.5.3.6}{\376\377\126\372\117\123\157\156\145\110\136\224\124\214\166\370\133\371\213\272\145\110\136\224}{subsection.5.3}% 35
\BOOKMARK [3][-]{subsubsection.5.3.7}{\376\377\154\102\211\343\174\276\136\246\137\161\124\315}{subsection.5.3}% 36
\BOOKMARK [3][-]{subsubsection.5.3.8}{\376\377\123\321\122\250\147\072\143\250\122\233\143\247\122\066\213\357\135\356\116\016\167\100\226\106\121\306\131\007\217\150\220\123\166\204\123\302\145\160\213\357\135\356}{subsection.5.3}% 37
\BOOKMARK [3][-]{subsubsection.5.3.9}{\376\377\160\165\145\117\136\246\122\006\147\220}{subsection.5.3}% 38
\BOOKMARK [3][-]{subsubsection.5.3.10}{\376\377\204\231\162\171\123\141\155\033\173\227\154\325}{subsection.5.3}% 39
\BOOKMARK [3][-]{subsubsection.5.3.11}{\376\377\134\017\176\323}{subsection.5.3}% 40
\BOOKMARK [1][-]{section.6}{\376\377\152\041\127\213\213\304\116\367\116\016\145\071\217\333}{}% 41
\BOOKMARK [2][-]{subsection.6.1}{\376\377\152\041\127\213\117\030\160\271}{section.6}% 42
\BOOKMARK [2][-]{subsection.6.2}{\376\377\152\041\127\213\177\072\160\271}{section.6}% 43
\BOOKMARK [1][-]{section.7}{\376\377\226\104\137\125}{}% 44
